The system is: Linux - 3.10.25-gentoo - x86_64
Compiling the CXX compiler identification source file "CMakeCXXCompilerId.cpp" succeeded.
Compiler: /opt/poky/1.5+snapshot/sysroots/x86_64-pokysdk-linux/usr/bin/arm-poky-linux-gnueabi/arm-poky-linux-gnueabi-g++ -march=armv7-a;-mthumb-interwork;-mfloat-abi=softfp;-mfpu=neon;--sysroot=/opt/poky/1.5+snapshot/sysroots/armv7a-vfp-neon-poky-linux-gnueabi
Build flags: ;-O2;-pipe;-g;-feliminate-unused-debug-types;-fpermissive
Id flags: 

The output was:
0


Compilation of the CXX compiler identification source "CMakeCXXCompilerId.cpp" produced "a.out"

The CXX compiler identification is GNU, found in "/home/gwe/these/gnuradio/gr-test1/build_x86/CMakeFiles/2.8.11.2/CompilerIdCXX/a.out"

Compiling the C compiler identification source file "CMakeCCompilerId.c" succeeded.
Compiler: /opt/poky/1.5+snapshot/sysroots/x86_64-pokysdk-linux/usr/bin/arm-poky-linux-gnueabi/arm-poky-linux-gnueabi-gcc -march=armv7-a;-mthumb-interwork;-mfloat-abi=softfp;-mfpu=neon;--sysroot=/opt/poky/1.5+snapshot/sysroots/armv7a-vfp-neon-poky-linux-gnueabi
Build flags: ;-O2;-pipe;-g;-feliminate-unused-debug-types
Id flags: 

The output was:
0


Compilation of the C compiler identification source "CMakeCCompilerId.c" produced "a.out"

The C compiler identification is GNU, found in "/home/gwe/these/gnuradio/gr-test1/build_x86/CMakeFiles/2.8.11.2/CompilerIdC/a.out"

Determining if the CXX compiler works passed with the following output:
Change Dir: /home/gwe/these/gnuradio/gr-test1/build_x86/CMakeFiles/CMakeTmp

Run Build Command:/usr/bin/gmake "cmTryCompileExec3181052298/fast"
/usr/bin/gmake -f CMakeFiles/cmTryCompileExec3181052298.dir/build.make CMakeFiles/cmTryCompileExec3181052298.dir/build
gmake[1]: Entering directory `/home/gwe/projets/these/gnuradio/gr-test1/build_x86/CMakeFiles/CMakeTmp'
/usr/bin/cmake -E cmake_progress_report /home/gwe/these/gnuradio/gr-test1/build_x86/CMakeFiles/CMakeTmp/CMakeFiles 1
Building CXX object CMakeFiles/cmTryCompileExec3181052298.dir/testCXXCompiler.cxx.o
/opt/poky/1.5+snapshot/sysroots/x86_64-pokysdk-linux/usr/bin/arm-poky-linux-gnueabi/arm-poky-linux-gnueabi-g++   -march=armv7-a -mthumb-interwork -mfloat-abi=softfp -mfpu=neon --sysroot=/opt/poky/1.5+snapshot/sysroots/armv7a-vfp-neon-poky-linux-gnueabi   -O2 -pipe -g -feliminate-unused-debug-types -fpermissive      -o CMakeFiles/cmTryCompileExec3181052298.dir/testCXXCompiler.cxx.o -c /home/gwe/these/gnuradio/gr-test1/build_x86/CMakeFiles/CMakeTmp/testCXXCompiler.cxx
Linking CXX executable cmTryCompileExec3181052298
/usr/bin/cmake -E cmake_link_script CMakeFiles/cmTryCompileExec3181052298.dir/link.txt --verbose=1
/opt/poky/1.5+snapshot/sysroots/x86_64-pokysdk-linux/usr/bin/arm-poky-linux-gnueabi/arm-poky-linux-gnueabi-g++   -march=armv7-a -mthumb-interwork -mfloat-abi=softfp -mfpu=neon --sysroot=/opt/poky/1.5+snapshot/sysroots/armv7a-vfp-neon-poky-linux-gnueabi    -O2 -pipe -g -feliminate-unused-debug-types -fpermissive      -Wl,-O1 -Wl,--hash-style=gnu -Wl,--as-needed CMakeFiles/cmTryCompileExec3181052298.dir/testCXXCompiler.cxx.o  -o cmTryCompileExec3181052298 -rdynamic 
gmake[1]: Leaving directory `/home/gwe/projets/these/gnuradio/gr-test1/build_x86/CMakeFiles/CMakeTmp'


Detecting CXX compiler ABI info compiled with the following output:
Change Dir: /home/gwe/these/gnuradio/gr-test1/build_x86/CMakeFiles/CMakeTmp

Run Build Command:/usr/bin/gmake "cmTryCompileExec1354664863/fast"
/usr/bin/gmake -f CMakeFiles/cmTryCompileExec1354664863.dir/build.make CMakeFiles/cmTryCompileExec1354664863.dir/build
gmake[1]: Entering directory `/home/gwe/projets/these/gnuradio/gr-test1/build_x86/CMakeFiles/CMakeTmp'
/usr/bin/cmake -E cmake_progress_report /home/gwe/these/gnuradio/gr-test1/build_x86/CMakeFiles/CMakeTmp/CMakeFiles 1
Building CXX object CMakeFiles/cmTryCompileExec1354664863.dir/CMakeCXXCompilerABI.cpp.o
/opt/poky/1.5+snapshot/sysroots/x86_64-pokysdk-linux/usr/bin/arm-poky-linux-gnueabi/arm-poky-linux-gnueabi-g++   -march=armv7-a -mthumb-interwork -mfloat-abi=softfp -mfpu=neon --sysroot=/opt/poky/1.5+snapshot/sysroots/armv7a-vfp-neon-poky-linux-gnueabi   -O2 -pipe -g -feliminate-unused-debug-types -fpermissive      -o CMakeFiles/cmTryCompileExec1354664863.dir/CMakeCXXCompilerABI.cpp.o -c /usr/share/cmake/Modules/CMakeCXXCompilerABI.cpp
Linking CXX executable cmTryCompileExec1354664863
/usr/bin/cmake -E cmake_link_script CMakeFiles/cmTryCompileExec1354664863.dir/link.txt --verbose=1
/opt/poky/1.5+snapshot/sysroots/x86_64-pokysdk-linux/usr/bin/arm-poky-linux-gnueabi/arm-poky-linux-gnueabi-g++   -march=armv7-a -mthumb-interwork -mfloat-abi=softfp -mfpu=neon --sysroot=/opt/poky/1.5+snapshot/sysroots/armv7a-vfp-neon-poky-linux-gnueabi    -O2 -pipe -g -feliminate-unused-debug-types -fpermissive     -v CMakeFiles/cmTryCompileExec1354664863.dir/CMakeCXXCompilerABI.cpp.o  -o cmTryCompileExec1354664863 -rdynamic  
Using built-in specs.
COLLECT_GCC=/opt/poky/1.5+snapshot/sysroots/x86_64-pokysdk-linux/usr/bin/arm-poky-linux-gnueabi/arm-poky-linux-gnueabi-g++
COLLECT_LTO_WRAPPER=/opt/poky/1.5+snapshot/sysroots/x86_64-pokysdk-linux/usr/libexec/arm-poky-linux-gnueabi/gcc/arm-poky-linux-gnueabi/4.8.2/lto-wrapper
Target: arm-poky-linux-gnueabi
Configured with: /home/gwe/tmp/apf51_yocto/yocto/poky/build/tmp/work-shared/gcc-4.8.2-r0/gcc-4.8.2/configure --build=x86_64-linux --host=x86_64-pokysdk-linux --target=arm-poky-linux-gnueabi --prefix=/opt/poky/1.5+snapshot/sysroots/x86_64-pokysdk-linux/usr --exec_prefix=/opt/poky/1.5+snapshot/sysroots/x86_64-pokysdk-linux/usr --bindir=/opt/poky/1.5+snapshot/sysroots/x86_64-pokysdk-linux/usr/bin/arm-poky-linux-gnueabi --sbindir=/opt/poky/1.5+snapshot/sysroots/x86_64-pokysdk-linux/usr/bin/arm-poky-linux-gnueabi --libexecdir=/opt/poky/1.5+snapshot/sysroots/x86_64-pokysdk-linux/usr/libexec/arm-poky-linux-gnueabi --datadir=/opt/poky/1.5+snapshot/sysroots/x86_64-pokysdk-linux/usr/share --sysconfdir=/opt/poky/1.5+snapshot/sysroots/x86_64-pokysdk-linux/etc --sharedstatedir=/opt/poky/1.5+snapshot/sysroots/x86_64-pokysdk-linux/com --localstatedir=/opt/poky/1.5+snapshot/sysroots/x86_64-pokysdk-linux/var --libdir=/opt/poky/1.5+snapshot/sysroots/x86_64-pokysdk-linux/usr/lib/arm-poky-linux-gnueabi --includedir=/opt/poky/1.5+snapshot/sysroots/x86_64-pokysdk-linux/usr/include --oldincludedir=/opt/poky/1.5+snapshot/sysroots/x86_64-pokysdk-linux/usr/include --infodir=/opt/poky/1.5+snapshot/sysroots/x86_64-pokysdk-linux/usr/share/info --mandir=/opt/poky/1.5+snapshot/sysroots/x86_64-pokysdk-linux/usr/share/man --disable-silent-rules --disable-dependency-tracking --with-libtool-sysroot=/home/gwe/tmp/apf51_yocto/yocto/poky/build/tmp/sysroots/x86_64-nativesdk-pokysdk-linux --with-gnu-ld --enable-shared --enable-languages=c,c++ --enable-threads=posix --enable-multilib --enable-c99 --enable-long-long --enable-symvers=gnu --enable-libstdcxx-pch --program-prefix=arm-poky-linux-gnueabi- --without-local-prefix --enable-target-optspace --enable-lto --enable-libssp --disable-bootstrap --disable-libmudflap --with-system-zlib --with-linker-hash-style=gnu --enable-linker-build-id --with-ppl=no --with-cloog=no --enable-checking=release --enable-cheaders=c_global --with-gxx-include-dir=/opt/poky/1.5+snapshot/sysroots/armv7a-vfp-neon-poky-linux-gnueabi/usr/include/c++ --with-build-time-tools=/home/gwe/tmp/apf51_yocto/yocto/poky/build/tmp/sysroots/x86_64-linux/usr/arm-poky-linux-gnueabi/bin --with-sysroot=/opt/poky/1.5+snapshot/sysroots/armv7a-vfp-neon-poky-linux-gnueabi --with-build-sysroot=/home/gwe/tmp/apf51_yocto/yocto/poky/build/tmp/sysroots/apf51 --disable-libunwind-exceptions --disable-libssp --disable-libgomp --disable-libmudflap --with-mpfr=/home/gwe/tmp/apf51_yocto/yocto/poky/build/tmp/sysroots/x86_64-nativesdk-pokysdk-linux --with-mpc=/home/gwe/tmp/apf51_yocto/yocto/poky/build/tmp/sysroots/x86_64-nativesdk-pokysdk-linux --enable-nls
Thread model: posix
gcc version 4.8.2 (GCC) 
COMPILER_PATH=/opt/poky/1.5+snapshot/sysroots/x86_64-pokysdk-linux/usr/libexec/arm-poky-linux-gnueabi/gcc/arm-poky-linux-gnueabi/4.8.2/:/opt/poky/1.5+snapshot/sysroots/x86_64-pokysdk-linux/usr/libexec/arm-poky-linux-gnueabi/gcc/arm-poky-linux-gnueabi/4.8.2/:/opt/poky/1.5+snapshot/sysroots/x86_64-pokysdk-linux/usr/libexec/arm-poky-linux-gnueabi/gcc/arm-poky-linux-gnueabi/:/opt/poky/1.5+snapshot/sysroots/x86_64-pokysdk-linux/usr/lib/arm-poky-linux-gnueabi/gcc/arm-poky-linux-gnueabi/4.8.2/:/opt/poky/1.5+snapshot/sysroots/x86_64-pokysdk-linux/usr/lib/arm-poky-linux-gnueabi/gcc/arm-poky-linux-gnueabi/
LIBRARY_PATH=/opt/poky/1.5+snapshot/sysroots/x86_64-pokysdk-linux/usr/lib/arm-poky-linux-gnueabi/gcc/arm-poky-linux-gnueabi/4.8.2/:/opt/poky/1.5+snapshot/sysroots/armv7a-vfp-neon-poky-linux-gnueabi/lib/:/opt/poky/1.5+snapshot/sysroots/armv7a-vfp-neon-poky-linux-gnueabi/usr/lib/arm-poky-linux-gnueabi/4.8.2/:/opt/poky/1.5+snapshot/sysroots/armv7a-vfp-neon-poky-linux-gnueabi/usr/lib/
COLLECT_GCC_OPTIONS='--sysroot=/opt/poky/1.5+snapshot/sysroots/armv7a-vfp-neon-poky-linux-gnueabi' '-march=armv7-a' '-mthumb-interwork' '-mfloat-abi=softfp' '-mfpu=neon' '-O2' '-pipe' '-g' '-feliminate-unused-debug-types' '-fpermissive' '-v' '-o' 'cmTryCompileExec1354664863' '-rdynamic' '-shared-libgcc' '-mtls-dialect=gnu'
 /opt/poky/1.5+snapshot/sysroots/x86_64-pokysdk-linux/usr/libexec/arm-poky-linux-gnueabi/gcc/arm-poky-linux-gnueabi/4.8.2/collect2 --sysroot=/opt/poky/1.5+snapshot/sysroots/armv7a-vfp-neon-poky-linux-gnueabi --build-id --eh-frame-hdr --hash-style=gnu -export-dynamic -dynamic-linker /lib/ld-linux.so.3 -X -m armelf_linux_eabi -o cmTryCompileExec1354664863 /opt/poky/1.5+snapshot/sysroots/armv7a-vfp-neon-poky-linux-gnueabi/usr/lib/crt1.o /opt/poky/1.5+snapshot/sysroots/armv7a-vfp-neon-poky-linux-gnueabi/usr/lib/crti.o /opt/poky/1.5+snapshot/sysroots/armv7a-vfp-neon-poky-linux-gnueabi/usr/lib/arm-poky-linux-gnueabi/4.8.2/crtbegin.o -L/opt/poky/1.5+snapshot/sysroots/x86_64-pokysdk-linux/usr/lib/arm-poky-linux-gnueabi/gcc/arm-poky-linux-gnueabi/4.8.2 -L/opt/poky/1.5+snapshot/sysroots/armv7a-vfp-neon-poky-linux-gnueabi/lib -L/opt/poky/1.5+snapshot/sysroots/armv7a-vfp-neon-poky-linux-gnueabi/usr/lib/arm-poky-linux-gnueabi/4.8.2 -L/opt/poky/1.5+snapshot/sysroots/armv7a-vfp-neon-poky-linux-gnueabi/usr/lib CMakeFiles/cmTryCompileExec1354664863.dir/CMakeCXXCompilerABI.cpp.o -lstdc++ -lm -lgcc_s -lgcc -lc -lgcc_s -lgcc /opt/poky/1.5+snapshot/sysroots/armv7a-vfp-neon-poky-linux-gnueabi/usr/lib/arm-poky-linux-gnueabi/4.8.2/crtend.o /opt/poky/1.5+snapshot/sysroots/armv7a-vfp-neon-poky-linux-gnueabi/usr/lib/crtn.o
gmake[1]: Leaving directory `/home/gwe/projets/these/gnuradio/gr-test1/build_x86/CMakeFiles/CMakeTmp'


Parsed CXX implicit link information from above output:
  link line regex: [^( *|.*[/\])(ld|ld|collect2)[^/\]*( |$)]
  ignore line: [Change Dir: /home/gwe/these/gnuradio/gr-test1/build_x86/CMakeFiles/CMakeTmp]
  ignore line: []
  ignore line: [Run Build Command:/usr/bin/gmake "cmTryCompileExec1354664863/fast"]
  ignore line: [/usr/bin/gmake -f CMakeFiles/cmTryCompileExec1354664863.dir/build.make CMakeFiles/cmTryCompileExec1354664863.dir/build]
  ignore line: [gmake[1]: Entering directory `/home/gwe/projets/these/gnuradio/gr-test1/build_x86/CMakeFiles/CMakeTmp']
  ignore line: [/usr/bin/cmake -E cmake_progress_report /home/gwe/these/gnuradio/gr-test1/build_x86/CMakeFiles/CMakeTmp/CMakeFiles 1]
  ignore line: [Building CXX object CMakeFiles/cmTryCompileExec1354664863.dir/CMakeCXXCompilerABI.cpp.o]
  ignore line: [/opt/poky/1.5+snapshot/sysroots/x86_64-pokysdk-linux/usr/bin/arm-poky-linux-gnueabi/arm-poky-linux-gnueabi-g++   -march=armv7-a -mthumb-interwork -mfloat-abi=softfp -mfpu=neon --sysroot=/opt/poky/1.5+snapshot/sysroots/armv7a-vfp-neon-poky-linux-gnueabi   -O2 -pipe -g -feliminate-unused-debug-types -fpermissive      -o CMakeFiles/cmTryCompileExec1354664863.dir/CMakeCXXCompilerABI.cpp.o -c /usr/share/cmake/Modules/CMakeCXXCompilerABI.cpp]
  ignore line: [Linking CXX executable cmTryCompileExec1354664863]
  ignore line: [/usr/bin/cmake -E cmake_link_script CMakeFiles/cmTryCompileExec1354664863.dir/link.txt --verbose=1]
  ignore line: [/opt/poky/1.5+snapshot/sysroots/x86_64-pokysdk-linux/usr/bin/arm-poky-linux-gnueabi/arm-poky-linux-gnueabi-g++   -march=armv7-a -mthumb-interwork -mfloat-abi=softfp -mfpu=neon --sysroot=/opt/poky/1.5+snapshot/sysroots/armv7a-vfp-neon-poky-linux-gnueabi    -O2 -pipe -g -feliminate-unused-debug-types -fpermissive     -v CMakeFiles/cmTryCompileExec1354664863.dir/CMakeCXXCompilerABI.cpp.o  -o cmTryCompileExec1354664863 -rdynamic  ]
  ignore line: [Using built-in specs.]
  ignore line: [COLLECT_GCC=/opt/poky/1.5+snapshot/sysroots/x86_64-pokysdk-linux/usr/bin/arm-poky-linux-gnueabi/arm-poky-linux-gnueabi-g++]
  ignore line: [COLLECT_LTO_WRAPPER=/opt/poky/1.5+snapshot/sysroots/x86_64-pokysdk-linux/usr/libexec/arm-poky-linux-gnueabi/gcc/arm-poky-linux-gnueabi/4.8.2/lto-wrapper]
  ignore line: [Target: arm-poky-linux-gnueabi]
  ignore line: [Configured with: /home/gwe/tmp/apf51_yocto/yocto/poky/build/tmp/work-shared/gcc-4.8.2-r0/gcc-4.8.2/configure --build=x86_64-linux --host=x86_64-pokysdk-linux --target=arm-poky-linux-gnueabi --prefix=/opt/poky/1.5+snapshot/sysroots/x86_64-pokysdk-linux/usr --exec_prefix=/opt/poky/1.5+snapshot/sysroots/x86_64-pokysdk-linux/usr --bindir=/opt/poky/1.5+snapshot/sysroots/x86_64-pokysdk-linux/usr/bin/arm-poky-linux-gnueabi --sbindir=/opt/poky/1.5+snapshot/sysroots/x86_64-pokysdk-linux/usr/bin/arm-poky-linux-gnueabi --libexecdir=/opt/poky/1.5+snapshot/sysroots/x86_64-pokysdk-linux/usr/libexec/arm-poky-linux-gnueabi --datadir=/opt/poky/1.5+snapshot/sysroots/x86_64-pokysdk-linux/usr/share --sysconfdir=/opt/poky/1.5+snapshot/sysroots/x86_64-pokysdk-linux/etc --sharedstatedir=/opt/poky/1.5+snapshot/sysroots/x86_64-pokysdk-linux/com --localstatedir=/opt/poky/1.5+snapshot/sysroots/x86_64-pokysdk-linux/var --libdir=/opt/poky/1.5+snapshot/sysroots/x86_64-pokysdk-linux/usr/lib/arm-poky-linux-gnueabi --includedir=/opt/poky/1.5+snapshot/sysroots/x86_64-pokysdk-linux/usr/include --oldincludedir=/opt/poky/1.5+snapshot/sysroots/x86_64-pokysdk-linux/usr/include --infodir=/opt/poky/1.5+snapshot/sysroots/x86_64-pokysdk-linux/usr/share/info --mandir=/opt/poky/1.5+snapshot/sysroots/x86_64-pokysdk-linux/usr/share/man --disable-silent-rules --disable-dependency-tracking --with-libtool-sysroot=/home/gwe/tmp/apf51_yocto/yocto/poky/build/tmp/sysroots/x86_64-nativesdk-pokysdk-linux --with-gnu-ld --enable-shared --enable-languages=c,c++ --enable-threads=posix --enable-multilib --enable-c99 --enable-long-long --enable-symvers=gnu --enable-libstdcxx-pch --program-prefix=arm-poky-linux-gnueabi- --without-local-prefix --enable-target-optspace --enable-lto --enable-libssp --disable-bootstrap --disable-libmudflap --with-system-zlib --with-linker-hash-style=gnu --enable-linker-build-id --with-ppl=no --with-cloog=no --enable-checking=release --enable-cheaders=c_global --with-gxx-include-dir=/opt/poky/1.5+snapshot/sysroots/armv7a-vfp-neon-poky-linux-gnueabi/usr/include/c++ --with-build-time-tools=/home/gwe/tmp/apf51_yocto/yocto/poky/build/tmp/sysroots/x86_64-linux/usr/arm-poky-linux-gnueabi/bin --with-sysroot=/opt/poky/1.5+snapshot/sysroots/armv7a-vfp-neon-poky-linux-gnueabi --with-build-sysroot=/home/gwe/tmp/apf51_yocto/yocto/poky/build/tmp/sysroots/apf51 --disable-libunwind-exceptions --disable-libssp --disable-libgomp --disable-libmudflap --with-mpfr=/home/gwe/tmp/apf51_yocto/yocto/poky/build/tmp/sysroots/x86_64-nativesdk-pokysdk-linux --with-mpc=/home/gwe/tmp/apf51_yocto/yocto/poky/build/tmp/sysroots/x86_64-nativesdk-pokysdk-linux --enable-nls]
  ignore line: [Thread model: posix]
  ignore line: [gcc version 4.8.2 (GCC) ]
  ignore line: [COMPILER_PATH=/opt/poky/1.5+snapshot/sysroots/x86_64-pokysdk-linux/usr/libexec/arm-poky-linux-gnueabi/gcc/arm-poky-linux-gnueabi/4.8.2/:/opt/poky/1.5+snapshot/sysroots/x86_64-pokysdk-linux/usr/libexec/arm-poky-linux-gnueabi/gcc/arm-poky-linux-gnueabi/4.8.2/:/opt/poky/1.5+snapshot/sysroots/x86_64-pokysdk-linux/usr/libexec/arm-poky-linux-gnueabi/gcc/arm-poky-linux-gnueabi/:/opt/poky/1.5+snapshot/sysroots/x86_64-pokysdk-linux/usr/lib/arm-poky-linux-gnueabi/gcc/arm-poky-linux-gnueabi/4.8.2/:/opt/poky/1.5+snapshot/sysroots/x86_64-pokysdk-linux/usr/lib/arm-poky-linux-gnueabi/gcc/arm-poky-linux-gnueabi/]
  ignore line: [LIBRARY_PATH=/opt/poky/1.5+snapshot/sysroots/x86_64-pokysdk-linux/usr/lib/arm-poky-linux-gnueabi/gcc/arm-poky-linux-gnueabi/4.8.2/:/opt/poky/1.5+snapshot/sysroots/armv7a-vfp-neon-poky-linux-gnueabi/lib/:/opt/poky/1.5+snapshot/sysroots/armv7a-vfp-neon-poky-linux-gnueabi/usr/lib/arm-poky-linux-gnueabi/4.8.2/:/opt/poky/1.5+snapshot/sysroots/armv7a-vfp-neon-poky-linux-gnueabi/usr/lib/]
  ignore line: [COLLECT_GCC_OPTIONS='--sysroot=/opt/poky/1.5+snapshot/sysroots/armv7a-vfp-neon-poky-linux-gnueabi' '-march=armv7-a' '-mthumb-interwork' '-mfloat-abi=softfp' '-mfpu=neon' '-O2' '-pipe' '-g' '-feliminate-unused-debug-types' '-fpermissive' '-v' '-o' 'cmTryCompileExec1354664863' '-rdynamic' '-shared-libgcc' '-mtls-dialect=gnu']
  link line: [ /opt/poky/1.5+snapshot/sysroots/x86_64-pokysdk-linux/usr/libexec/arm-poky-linux-gnueabi/gcc/arm-poky-linux-gnueabi/4.8.2/collect2 --sysroot=/opt/poky/1.5+snapshot/sysroots/armv7a-vfp-neon-poky-linux-gnueabi --build-id --eh-frame-hdr --hash-style=gnu -export-dynamic -dynamic-linker /lib/ld-linux.so.3 -X -m armelf_linux_eabi -o cmTryCompileExec1354664863 /opt/poky/1.5+snapshot/sysroots/armv7a-vfp-neon-poky-linux-gnueabi/usr/lib/crt1.o /opt/poky/1.5+snapshot/sysroots/armv7a-vfp-neon-poky-linux-gnueabi/usr/lib/crti.o /opt/poky/1.5+snapshot/sysroots/armv7a-vfp-neon-poky-linux-gnueabi/usr/lib/arm-poky-linux-gnueabi/4.8.2/crtbegin.o -L/opt/poky/1.5+snapshot/sysroots/x86_64-pokysdk-linux/usr/lib/arm-poky-linux-gnueabi/gcc/arm-poky-linux-gnueabi/4.8.2 -L/opt/poky/1.5+snapshot/sysroots/armv7a-vfp-neon-poky-linux-gnueabi/lib -L/opt/poky/1.5+snapshot/sysroots/armv7a-vfp-neon-poky-linux-gnueabi/usr/lib/arm-poky-linux-gnueabi/4.8.2 -L/opt/poky/1.5+snapshot/sysroots/armv7a-vfp-neon-poky-linux-gnueabi/usr/lib CMakeFiles/cmTryCompileExec1354664863.dir/CMakeCXXCompilerABI.cpp.o -lstdc++ -lm -lgcc_s -lgcc -lc -lgcc_s -lgcc /opt/poky/1.5+snapshot/sysroots/armv7a-vfp-neon-poky-linux-gnueabi/usr/lib/arm-poky-linux-gnueabi/4.8.2/crtend.o /opt/poky/1.5+snapshot/sysroots/armv7a-vfp-neon-poky-linux-gnueabi/usr/lib/crtn.o]
    arg [/opt/poky/1.5+snapshot/sysroots/x86_64-pokysdk-linux/usr/libexec/arm-poky-linux-gnueabi/gcc/arm-poky-linux-gnueabi/4.8.2/collect2] ==> ignore
    arg [--sysroot=/opt/poky/1.5+snapshot/sysroots/armv7a-vfp-neon-poky-linux-gnueabi] ==> ignore
    arg [--build-id] ==> ignore
    arg [--eh-frame-hdr] ==> ignore
    arg [--hash-style=gnu] ==> ignore
    arg [-export-dynamic] ==> ignore
    arg [-dynamic-linker] ==> ignore
    arg [/lib/ld-linux.so.3] ==> ignore
    arg [-X] ==> ignore
    arg [-m] ==> ignore
    arg [armelf_linux_eabi] ==> ignore
    arg [-o] ==> ignore
    arg [cmTryCompileExec1354664863] ==> ignore
    arg [/opt/poky/1.5+snapshot/sysroots/armv7a-vfp-neon-poky-linux-gnueabi/usr/lib/crt1.o] ==> ignore
    arg [/opt/poky/1.5+snapshot/sysroots/armv7a-vfp-neon-poky-linux-gnueabi/usr/lib/crti.o] ==> ignore
    arg [/opt/poky/1.5+snapshot/sysroots/armv7a-vfp-neon-poky-linux-gnueabi/usr/lib/arm-poky-linux-gnueabi/4.8.2/crtbegin.o] ==> ignore
    arg [-L/opt/poky/1.5+snapshot/sysroots/x86_64-pokysdk-linux/usr/lib/arm-poky-linux-gnueabi/gcc/arm-poky-linux-gnueabi/4.8.2] ==> dir [/opt/poky/1.5+snapshot/sysroots/x86_64-pokysdk-linux/usr/lib/arm-poky-linux-gnueabi/gcc/arm-poky-linux-gnueabi/4.8.2]
    arg [-L/opt/poky/1.5+snapshot/sysroots/armv7a-vfp-neon-poky-linux-gnueabi/lib] ==> dir [/opt/poky/1.5+snapshot/sysroots/armv7a-vfp-neon-poky-linux-gnueabi/lib]
    arg [-L/opt/poky/1.5+snapshot/sysroots/armv7a-vfp-neon-poky-linux-gnueabi/usr/lib/arm-poky-linux-gnueabi/4.8.2] ==> dir [/opt/poky/1.5+snapshot/sysroots/armv7a-vfp-neon-poky-linux-gnueabi/usr/lib/arm-poky-linux-gnueabi/4.8.2]
    arg [-L/opt/poky/1.5+snapshot/sysroots/armv7a-vfp-neon-poky-linux-gnueabi/usr/lib] ==> dir [/opt/poky/1.5+snapshot/sysroots/armv7a-vfp-neon-poky-linux-gnueabi/usr/lib]
    arg [CMakeFiles/cmTryCompileExec1354664863.dir/CMakeCXXCompilerABI.cpp.o] ==> ignore
    arg [-lstdc++] ==> lib [stdc++]
    arg [-lm] ==> lib [m]
    arg [-lgcc_s] ==> lib [gcc_s]
    arg [-lgcc] ==> lib [gcc]
    arg [-lc] ==> lib [c]
    arg [-lgcc_s] ==> lib [gcc_s]
    arg [-lgcc] ==> lib [gcc]
    arg [/opt/poky/1.5+snapshot/sysroots/armv7a-vfp-neon-poky-linux-gnueabi/usr/lib/arm-poky-linux-gnueabi/4.8.2/crtend.o] ==> ignore
    arg [/opt/poky/1.5+snapshot/sysroots/armv7a-vfp-neon-poky-linux-gnueabi/usr/lib/crtn.o] ==> ignore
  remove lib [gcc_s]
  remove lib [gcc]
  remove lib [gcc_s]
  remove lib [gcc]
  collapse library dir [/opt/poky/1.5+snapshot/sysroots/x86_64-pokysdk-linux/usr/lib/arm-poky-linux-gnueabi/gcc/arm-poky-linux-gnueabi/4.8.2] ==> [/opt/poky/1.5+snapshot/sysroots/x86_64-pokysdk-linux/usr/lib/arm-poky-linux-gnueabi/gcc/arm-poky-linux-gnueabi/4.8.2]
  collapse library dir [/opt/poky/1.5+snapshot/sysroots/armv7a-vfp-neon-poky-linux-gnueabi/lib] ==> [/opt/poky/1.5+snapshot/sysroots/armv7a-vfp-neon-poky-linux-gnueabi/lib]
  collapse library dir [/opt/poky/1.5+snapshot/sysroots/armv7a-vfp-neon-poky-linux-gnueabi/usr/lib/arm-poky-linux-gnueabi/4.8.2] ==> [/opt/poky/1.5+snapshot/sysroots/armv7a-vfp-neon-poky-linux-gnueabi/usr/lib/arm-poky-linux-gnueabi/4.8.2]
  collapse library dir [/opt/poky/1.5+snapshot/sysroots/armv7a-vfp-neon-poky-linux-gnueabi/usr/lib] ==> [/opt/poky/1.5+snapshot/sysroots/armv7a-vfp-neon-poky-linux-gnueabi/usr/lib]
  implicit libs: [stdc++;m;c]
  implicit dirs: [/opt/poky/1.5+snapshot/sysroots/x86_64-pokysdk-linux/usr/lib/arm-poky-linux-gnueabi/gcc/arm-poky-linux-gnueabi/4.8.2;/opt/poky/1.5+snapshot/sysroots/armv7a-vfp-neon-poky-linux-gnueabi/lib;/opt/poky/1.5+snapshot/sysroots/armv7a-vfp-neon-poky-linux-gnueabi/usr/lib/arm-poky-linux-gnueabi/4.8.2;/opt/poky/1.5+snapshot/sysroots/armv7a-vfp-neon-poky-linux-gnueabi/usr/lib]
  implicit fwks: []


Determining if the C compiler works passed with the following output:
Change Dir: /home/gwe/these/gnuradio/gr-test1/build_x86/CMakeFiles/CMakeTmp

Run Build Command:/usr/bin/gmake "cmTryCompileExec3379033474/fast"
/usr/bin/gmake -f CMakeFiles/cmTryCompileExec3379033474.dir/build.make CMakeFiles/cmTryCompileExec3379033474.dir/build
gmake[1]: Entering directory `/home/gwe/projets/these/gnuradio/gr-test1/build_x86/CMakeFiles/CMakeTmp'
/usr/bin/cmake -E cmake_progress_report /home/gwe/these/gnuradio/gr-test1/build_x86/CMakeFiles/CMakeTmp/CMakeFiles 1
Building C object CMakeFiles/cmTryCompileExec3379033474.dir/testCCompiler.c.o
/opt/poky/1.5+snapshot/sysroots/x86_64-pokysdk-linux/usr/bin/arm-poky-linux-gnueabi/arm-poky-linux-gnueabi-gcc   -march=armv7-a -mthumb-interwork -mfloat-abi=softfp -mfpu=neon --sysroot=/opt/poky/1.5+snapshot/sysroots/armv7a-vfp-neon-poky-linux-gnueabi  -O2 -pipe -g -feliminate-unused-debug-types      -o CMakeFiles/cmTryCompileExec3379033474.dir/testCCompiler.c.o   -c /home/gwe/these/gnuradio/gr-test1/build_x86/CMakeFiles/CMakeTmp/testCCompiler.c
Linking C executable cmTryCompileExec3379033474
/usr/bin/cmake -E cmake_link_script CMakeFiles/cmTryCompileExec3379033474.dir/link.txt --verbose=1
/opt/poky/1.5+snapshot/sysroots/x86_64-pokysdk-linux/usr/bin/arm-poky-linux-gnueabi/arm-poky-linux-gnueabi-gcc   -march=armv7-a -mthumb-interwork -mfloat-abi=softfp -mfpu=neon --sysroot=/opt/poky/1.5+snapshot/sysroots/armv7a-vfp-neon-poky-linux-gnueabi   -O2 -pipe -g -feliminate-unused-debug-types      -Wl,-O1 -Wl,--hash-style=gnu -Wl,--as-needed CMakeFiles/cmTryCompileExec3379033474.dir/testCCompiler.c.o  -o cmTryCompileExec3379033474 -rdynamic 
gmake[1]: Leaving directory `/home/gwe/projets/these/gnuradio/gr-test1/build_x86/CMakeFiles/CMakeTmp'


Detecting C compiler ABI info compiled with the following output:
Change Dir: /home/gwe/these/gnuradio/gr-test1/build_x86/CMakeFiles/CMakeTmp

Run Build Command:/usr/bin/gmake "cmTryCompileExec1393160838/fast"
/usr/bin/gmake -f CMakeFiles/cmTryCompileExec1393160838.dir/build.make CMakeFiles/cmTryCompileExec1393160838.dir/build
gmake[1]: Entering directory `/home/gwe/projets/these/gnuradio/gr-test1/build_x86/CMakeFiles/CMakeTmp'
/usr/bin/cmake -E cmake_progress_report /home/gwe/these/gnuradio/gr-test1/build_x86/CMakeFiles/CMakeTmp/CMakeFiles 1
Building C object CMakeFiles/cmTryCompileExec1393160838.dir/CMakeCCompilerABI.c.o
/opt/poky/1.5+snapshot/sysroots/x86_64-pokysdk-linux/usr/bin/arm-poky-linux-gnueabi/arm-poky-linux-gnueabi-gcc   -march=armv7-a -mthumb-interwork -mfloat-abi=softfp -mfpu=neon --sysroot=/opt/poky/1.5+snapshot/sysroots/armv7a-vfp-neon-poky-linux-gnueabi  -O2 -pipe -g -feliminate-unused-debug-types      -o CMakeFiles/cmTryCompileExec1393160838.dir/CMakeCCompilerABI.c.o   -c /usr/share/cmake/Modules/CMakeCCompilerABI.c
Linking C executable cmTryCompileExec1393160838
/usr/bin/cmake -E cmake_link_script CMakeFiles/cmTryCompileExec1393160838.dir/link.txt --verbose=1
/opt/poky/1.5+snapshot/sysroots/x86_64-pokysdk-linux/usr/bin/arm-poky-linux-gnueabi/arm-poky-linux-gnueabi-gcc   -march=armv7-a -mthumb-interwork -mfloat-abi=softfp -mfpu=neon --sysroot=/opt/poky/1.5+snapshot/sysroots/armv7a-vfp-neon-poky-linux-gnueabi   -O2 -pipe -g -feliminate-unused-debug-types     -v CMakeFiles/cmTryCompileExec1393160838.dir/CMakeCCompilerABI.c.o  -o cmTryCompileExec1393160838 -rdynamic  
Using built-in specs.
COLLECT_GCC=/opt/poky/1.5+snapshot/sysroots/x86_64-pokysdk-linux/usr/bin/arm-poky-linux-gnueabi/arm-poky-linux-gnueabi-gcc
COLLECT_LTO_WRAPPER=/opt/poky/1.5+snapshot/sysroots/x86_64-pokysdk-linux/usr/libexec/arm-poky-linux-gnueabi/gcc/arm-poky-linux-gnueabi/4.8.2/lto-wrapper
Target: arm-poky-linux-gnueabi
Configured with: /home/gwe/tmp/apf51_yocto/yocto/poky/build/tmp/work-shared/gcc-4.8.2-r0/gcc-4.8.2/configure --build=x86_64-linux --host=x86_64-pokysdk-linux --target=arm-poky-linux-gnueabi --prefix=/opt/poky/1.5+snapshot/sysroots/x86_64-pokysdk-linux/usr --exec_prefix=/opt/poky/1.5+snapshot/sysroots/x86_64-pokysdk-linux/usr --bindir=/opt/poky/1.5+snapshot/sysroots/x86_64-pokysdk-linux/usr/bin/arm-poky-linux-gnueabi --sbindir=/opt/poky/1.5+snapshot/sysroots/x86_64-pokysdk-linux/usr/bin/arm-poky-linux-gnueabi --libexecdir=/opt/poky/1.5+snapshot/sysroots/x86_64-pokysdk-linux/usr/libexec/arm-poky-linux-gnueabi --datadir=/opt/poky/1.5+snapshot/sysroots/x86_64-pokysdk-linux/usr/share --sysconfdir=/opt/poky/1.5+snapshot/sysroots/x86_64-pokysdk-linux/etc --sharedstatedir=/opt/poky/1.5+snapshot/sysroots/x86_64-pokysdk-linux/com --localstatedir=/opt/poky/1.5+snapshot/sysroots/x86_64-pokysdk-linux/var --libdir=/opt/poky/1.5+snapshot/sysroots/x86_64-pokysdk-linux/usr/lib/arm-poky-linux-gnueabi --includedir=/opt/poky/1.5+snapshot/sysroots/x86_64-pokysdk-linux/usr/include --oldincludedir=/opt/poky/1.5+snapshot/sysroots/x86_64-pokysdk-linux/usr/include --infodir=/opt/poky/1.5+snapshot/sysroots/x86_64-pokysdk-linux/usr/share/info --mandir=/opt/poky/1.5+snapshot/sysroots/x86_64-pokysdk-linux/usr/share/man --disable-silent-rules --disable-dependency-tracking --with-libtool-sysroot=/home/gwe/tmp/apf51_yocto/yocto/poky/build/tmp/sysroots/x86_64-nativesdk-pokysdk-linux --with-gnu-ld --enable-shared --enable-languages=c,c++ --enable-threads=posix --enable-multilib --enable-c99 --enable-long-long --enable-symvers=gnu --enable-libstdcxx-pch --program-prefix=arm-poky-linux-gnueabi- --without-local-prefix --enable-target-optspace --enable-lto --enable-libssp --disable-bootstrap --disable-libmudflap --with-system-zlib --with-linker-hash-style=gnu --enable-linker-build-id --with-ppl=no --with-cloog=no --enable-checking=release --enable-cheaders=c_global --with-gxx-include-dir=/opt/poky/1.5+snapshot/sysroots/armv7a-vfp-neon-poky-linux-gnueabi/usr/include/c++ --with-build-time-tools=/home/gwe/tmp/apf51_yocto/yocto/poky/build/tmp/sysroots/x86_64-linux/usr/arm-poky-linux-gnueabi/bin --with-sysroot=/opt/poky/1.5+snapshot/sysroots/armv7a-vfp-neon-poky-linux-gnueabi --with-build-sysroot=/home/gwe/tmp/apf51_yocto/yocto/poky/build/tmp/sysroots/apf51 --disable-libunwind-exceptions --disable-libssp --disable-libgomp --disable-libmudflap --with-mpfr=/home/gwe/tmp/apf51_yocto/yocto/poky/build/tmp/sysroots/x86_64-nativesdk-pokysdk-linux --with-mpc=/home/gwe/tmp/apf51_yocto/yocto/poky/build/tmp/sysroots/x86_64-nativesdk-pokysdk-linux --enable-nls
Thread model: posix
gcc version 4.8.2 (GCC) 
COMPILER_PATH=/opt/poky/1.5+snapshot/sysroots/x86_64-pokysdk-linux/usr/libexec/arm-poky-linux-gnueabi/gcc/arm-poky-linux-gnueabi/4.8.2/:/opt/poky/1.5+snapshot/sysroots/x86_64-pokysdk-linux/usr/libexec/arm-poky-linux-gnueabi/gcc/arm-poky-linux-gnueabi/4.8.2/:/opt/poky/1.5+snapshot/sysroots/x86_64-pokysdk-linux/usr/libexec/arm-poky-linux-gnueabi/gcc/arm-poky-linux-gnueabi/:/opt/poky/1.5+snapshot/sysroots/x86_64-pokysdk-linux/usr/lib/arm-poky-linux-gnueabi/gcc/arm-poky-linux-gnueabi/4.8.2/:/opt/poky/1.5+snapshot/sysroots/x86_64-pokysdk-linux/usr/lib/arm-poky-linux-gnueabi/gcc/arm-poky-linux-gnueabi/
LIBRARY_PATH=/opt/poky/1.5+snapshot/sysroots/x86_64-pokysdk-linux/usr/lib/arm-poky-linux-gnueabi/gcc/arm-poky-linux-gnueabi/4.8.2/:/opt/poky/1.5+snapshot/sysroots/armv7a-vfp-neon-poky-linux-gnueabi/lib/:/opt/poky/1.5+snapshot/sysroots/armv7a-vfp-neon-poky-linux-gnueabi/usr/lib/arm-poky-linux-gnueabi/4.8.2/:/opt/poky/1.5+snapshot/sysroots/armv7a-vfp-neon-poky-linux-gnueabi/usr/lib/
COLLECT_GCC_OPTIONS='--sysroot=/opt/poky/1.5+snapshot/sysroots/armv7a-vfp-neon-poky-linux-gnueabi' '-march=armv7-a' '-mthumb-interwork' '-mfloat-abi=softfp' '-mfpu=neon' '-O2' '-pipe' '-g' '-feliminate-unused-debug-types' '-v' '-o' 'cmTryCompileExec1393160838' '-rdynamic' '-mtls-dialect=gnu'
 /opt/poky/1.5+snapshot/sysroots/x86_64-pokysdk-linux/usr/libexec/arm-poky-linux-gnueabi/gcc/arm-poky-linux-gnueabi/4.8.2/collect2 --sysroot=/opt/poky/1.5+snapshot/sysroots/armv7a-vfp-neon-poky-linux-gnueabi --build-id --eh-frame-hdr --hash-style=gnu -export-dynamic -dynamic-linker /lib/ld-linux.so.3 -X -m armelf_linux_eabi -o cmTryCompileExec1393160838 /opt/poky/1.5+snapshot/sysroots/armv7a-vfp-neon-poky-linux-gnueabi/usr/lib/crt1.o /opt/poky/1.5+snapshot/sysroots/armv7a-vfp-neon-poky-linux-gnueabi/usr/lib/crti.o /opt/poky/1.5+snapshot/sysroots/armv7a-vfp-neon-poky-linux-gnueabi/usr/lib/arm-poky-linux-gnueabi/4.8.2/crtbegin.o -L/opt/poky/1.5+snapshot/sysroots/x86_64-pokysdk-linux/usr/lib/arm-poky-linux-gnueabi/gcc/arm-poky-linux-gnueabi/4.8.2 -L/opt/poky/1.5+snapshot/sysroots/armv7a-vfp-neon-poky-linux-gnueabi/lib -L/opt/poky/1.5+snapshot/sysroots/armv7a-vfp-neon-poky-linux-gnueabi/usr/lib/arm-poky-linux-gnueabi/4.8.2 -L/opt/poky/1.5+snapshot/sysroots/armv7a-vfp-neon-poky-linux-gnueabi/usr/lib CMakeFiles/cmTryCompileExec1393160838.dir/CMakeCCompilerABI.c.o -lgcc --as-needed -lgcc_s --no-as-needed -lc -lgcc --as-needed -lgcc_s --no-as-needed /opt/poky/1.5+snapshot/sysroots/armv7a-vfp-neon-poky-linux-gnueabi/usr/lib/arm-poky-linux-gnueabi/4.8.2/crtend.o /opt/poky/1.5+snapshot/sysroots/armv7a-vfp-neon-poky-linux-gnueabi/usr/lib/crtn.o
gmake[1]: Leaving directory `/home/gwe/projets/these/gnuradio/gr-test1/build_x86/CMakeFiles/CMakeTmp'


Parsed C implicit link information from above output:
  link line regex: [^( *|.*[/\])(ld|ld|collect2)[^/\]*( |$)]
  ignore line: [Change Dir: /home/gwe/these/gnuradio/gr-test1/build_x86/CMakeFiles/CMakeTmp]
  ignore line: []
  ignore line: [Run Build Command:/usr/bin/gmake "cmTryCompileExec1393160838/fast"]
  ignore line: [/usr/bin/gmake -f CMakeFiles/cmTryCompileExec1393160838.dir/build.make CMakeFiles/cmTryCompileExec1393160838.dir/build]
  ignore line: [gmake[1]: Entering directory `/home/gwe/projets/these/gnuradio/gr-test1/build_x86/CMakeFiles/CMakeTmp']
  ignore line: [/usr/bin/cmake -E cmake_progress_report /home/gwe/these/gnuradio/gr-test1/build_x86/CMakeFiles/CMakeTmp/CMakeFiles 1]
  ignore line: [Building C object CMakeFiles/cmTryCompileExec1393160838.dir/CMakeCCompilerABI.c.o]
  ignore line: [/opt/poky/1.5+snapshot/sysroots/x86_64-pokysdk-linux/usr/bin/arm-poky-linux-gnueabi/arm-poky-linux-gnueabi-gcc   -march=armv7-a -mthumb-interwork -mfloat-abi=softfp -mfpu=neon --sysroot=/opt/poky/1.5+snapshot/sysroots/armv7a-vfp-neon-poky-linux-gnueabi  -O2 -pipe -g -feliminate-unused-debug-types      -o CMakeFiles/cmTryCompileExec1393160838.dir/CMakeCCompilerABI.c.o   -c /usr/share/cmake/Modules/CMakeCCompilerABI.c]
  ignore line: [Linking C executable cmTryCompileExec1393160838]
  ignore line: [/usr/bin/cmake -E cmake_link_script CMakeFiles/cmTryCompileExec1393160838.dir/link.txt --verbose=1]
  ignore line: [/opt/poky/1.5+snapshot/sysroots/x86_64-pokysdk-linux/usr/bin/arm-poky-linux-gnueabi/arm-poky-linux-gnueabi-gcc   -march=armv7-a -mthumb-interwork -mfloat-abi=softfp -mfpu=neon --sysroot=/opt/poky/1.5+snapshot/sysroots/armv7a-vfp-neon-poky-linux-gnueabi   -O2 -pipe -g -feliminate-unused-debug-types     -v CMakeFiles/cmTryCompileExec1393160838.dir/CMakeCCompilerABI.c.o  -o cmTryCompileExec1393160838 -rdynamic  ]
  ignore line: [Using built-in specs.]
  ignore line: [COLLECT_GCC=/opt/poky/1.5+snapshot/sysroots/x86_64-pokysdk-linux/usr/bin/arm-poky-linux-gnueabi/arm-poky-linux-gnueabi-gcc]
  ignore line: [COLLECT_LTO_WRAPPER=/opt/poky/1.5+snapshot/sysroots/x86_64-pokysdk-linux/usr/libexec/arm-poky-linux-gnueabi/gcc/arm-poky-linux-gnueabi/4.8.2/lto-wrapper]
  ignore line: [Target: arm-poky-linux-gnueabi]
  ignore line: [Configured with: /home/gwe/tmp/apf51_yocto/yocto/poky/build/tmp/work-shared/gcc-4.8.2-r0/gcc-4.8.2/configure --build=x86_64-linux --host=x86_64-pokysdk-linux --target=arm-poky-linux-gnueabi --prefix=/opt/poky/1.5+snapshot/sysroots/x86_64-pokysdk-linux/usr --exec_prefix=/opt/poky/1.5+snapshot/sysroots/x86_64-pokysdk-linux/usr --bindir=/opt/poky/1.5+snapshot/sysroots/x86_64-pokysdk-linux/usr/bin/arm-poky-linux-gnueabi --sbindir=/opt/poky/1.5+snapshot/sysroots/x86_64-pokysdk-linux/usr/bin/arm-poky-linux-gnueabi --libexecdir=/opt/poky/1.5+snapshot/sysroots/x86_64-pokysdk-linux/usr/libexec/arm-poky-linux-gnueabi --datadir=/opt/poky/1.5+snapshot/sysroots/x86_64-pokysdk-linux/usr/share --sysconfdir=/opt/poky/1.5+snapshot/sysroots/x86_64-pokysdk-linux/etc --sharedstatedir=/opt/poky/1.5+snapshot/sysroots/x86_64-pokysdk-linux/com --localstatedir=/opt/poky/1.5+snapshot/sysroots/x86_64-pokysdk-linux/var --libdir=/opt/poky/1.5+snapshot/sysroots/x86_64-pokysdk-linux/usr/lib/arm-poky-linux-gnueabi --includedir=/opt/poky/1.5+snapshot/sysroots/x86_64-pokysdk-linux/usr/include --oldincludedir=/opt/poky/1.5+snapshot/sysroots/x86_64-pokysdk-linux/usr/include --infodir=/opt/poky/1.5+snapshot/sysroots/x86_64-pokysdk-linux/usr/share/info --mandir=/opt/poky/1.5+snapshot/sysroots/x86_64-pokysdk-linux/usr/share/man --disable-silent-rules --disable-dependency-tracking --with-libtool-sysroot=/home/gwe/tmp/apf51_yocto/yocto/poky/build/tmp/sysroots/x86_64-nativesdk-pokysdk-linux --with-gnu-ld --enable-shared --enable-languages=c,c++ --enable-threads=posix --enable-multilib --enable-c99 --enable-long-long --enable-symvers=gnu --enable-libstdcxx-pch --program-prefix=arm-poky-linux-gnueabi- --without-local-prefix --enable-target-optspace --enable-lto --enable-libssp --disable-bootstrap --disable-libmudflap --with-system-zlib --with-linker-hash-style=gnu --enable-linker-build-id --with-ppl=no --with-cloog=no --enable-checking=release --enable-cheaders=c_global --with-gxx-include-dir=/opt/poky/1.5+snapshot/sysroots/armv7a-vfp-neon-poky-linux-gnueabi/usr/include/c++ --with-build-time-tools=/home/gwe/tmp/apf51_yocto/yocto/poky/build/tmp/sysroots/x86_64-linux/usr/arm-poky-linux-gnueabi/bin --with-sysroot=/opt/poky/1.5+snapshot/sysroots/armv7a-vfp-neon-poky-linux-gnueabi --with-build-sysroot=/home/gwe/tmp/apf51_yocto/yocto/poky/build/tmp/sysroots/apf51 --disable-libunwind-exceptions --disable-libssp --disable-libgomp --disable-libmudflap --with-mpfr=/home/gwe/tmp/apf51_yocto/yocto/poky/build/tmp/sysroots/x86_64-nativesdk-pokysdk-linux --with-mpc=/home/gwe/tmp/apf51_yocto/yocto/poky/build/tmp/sysroots/x86_64-nativesdk-pokysdk-linux --enable-nls]
  ignore line: [Thread model: posix]
  ignore line: [gcc version 4.8.2 (GCC) ]
  ignore line: [COMPILER_PATH=/opt/poky/1.5+snapshot/sysroots/x86_64-pokysdk-linux/usr/libexec/arm-poky-linux-gnueabi/gcc/arm-poky-linux-gnueabi/4.8.2/:/opt/poky/1.5+snapshot/sysroots/x86_64-pokysdk-linux/usr/libexec/arm-poky-linux-gnueabi/gcc/arm-poky-linux-gnueabi/4.8.2/:/opt/poky/1.5+snapshot/sysroots/x86_64-pokysdk-linux/usr/libexec/arm-poky-linux-gnueabi/gcc/arm-poky-linux-gnueabi/:/opt/poky/1.5+snapshot/sysroots/x86_64-pokysdk-linux/usr/lib/arm-poky-linux-gnueabi/gcc/arm-poky-linux-gnueabi/4.8.2/:/opt/poky/1.5+snapshot/sysroots/x86_64-pokysdk-linux/usr/lib/arm-poky-linux-gnueabi/gcc/arm-poky-linux-gnueabi/]
  ignore line: [LIBRARY_PATH=/opt/poky/1.5+snapshot/sysroots/x86_64-pokysdk-linux/usr/lib/arm-poky-linux-gnueabi/gcc/arm-poky-linux-gnueabi/4.8.2/:/opt/poky/1.5+snapshot/sysroots/armv7a-vfp-neon-poky-linux-gnueabi/lib/:/opt/poky/1.5+snapshot/sysroots/armv7a-vfp-neon-poky-linux-gnueabi/usr/lib/arm-poky-linux-gnueabi/4.8.2/:/opt/poky/1.5+snapshot/sysroots/armv7a-vfp-neon-poky-linux-gnueabi/usr/lib/]
  ignore line: [COLLECT_GCC_OPTIONS='--sysroot=/opt/poky/1.5+snapshot/sysroots/armv7a-vfp-neon-poky-linux-gnueabi' '-march=armv7-a' '-mthumb-interwork' '-mfloat-abi=softfp' '-mfpu=neon' '-O2' '-pipe' '-g' '-feliminate-unused-debug-types' '-v' '-o' 'cmTryCompileExec1393160838' '-rdynamic' '-mtls-dialect=gnu']
  link line: [ /opt/poky/1.5+snapshot/sysroots/x86_64-pokysdk-linux/usr/libexec/arm-poky-linux-gnueabi/gcc/arm-poky-linux-gnueabi/4.8.2/collect2 --sysroot=/opt/poky/1.5+snapshot/sysroots/armv7a-vfp-neon-poky-linux-gnueabi --build-id --eh-frame-hdr --hash-style=gnu -export-dynamic -dynamic-linker /lib/ld-linux.so.3 -X -m armelf_linux_eabi -o cmTryCompileExec1393160838 /opt/poky/1.5+snapshot/sysroots/armv7a-vfp-neon-poky-linux-gnueabi/usr/lib/crt1.o /opt/poky/1.5+snapshot/sysroots/armv7a-vfp-neon-poky-linux-gnueabi/usr/lib/crti.o /opt/poky/1.5+snapshot/sysroots/armv7a-vfp-neon-poky-linux-gnueabi/usr/lib/arm-poky-linux-gnueabi/4.8.2/crtbegin.o -L/opt/poky/1.5+snapshot/sysroots/x86_64-pokysdk-linux/usr/lib/arm-poky-linux-gnueabi/gcc/arm-poky-linux-gnueabi/4.8.2 -L/opt/poky/1.5+snapshot/sysroots/armv7a-vfp-neon-poky-linux-gnueabi/lib -L/opt/poky/1.5+snapshot/sysroots/armv7a-vfp-neon-poky-linux-gnueabi/usr/lib/arm-poky-linux-gnueabi/4.8.2 -L/opt/poky/1.5+snapshot/sysroots/armv7a-vfp-neon-poky-linux-gnueabi/usr/lib CMakeFiles/cmTryCompileExec1393160838.dir/CMakeCCompilerABI.c.o -lgcc --as-needed -lgcc_s --no-as-needed -lc -lgcc --as-needed -lgcc_s --no-as-needed /opt/poky/1.5+snapshot/sysroots/armv7a-vfp-neon-poky-linux-gnueabi/usr/lib/arm-poky-linux-gnueabi/4.8.2/crtend.o /opt/poky/1.5+snapshot/sysroots/armv7a-vfp-neon-poky-linux-gnueabi/usr/lib/crtn.o]
    arg [/opt/poky/1.5+snapshot/sysroots/x86_64-pokysdk-linux/usr/libexec/arm-poky-linux-gnueabi/gcc/arm-poky-linux-gnueabi/4.8.2/collect2] ==> ignore
    arg [--sysroot=/opt/poky/1.5+snapshot/sysroots/armv7a-vfp-neon-poky-linux-gnueabi] ==> ignore
    arg [--build-id] ==> ignore
    arg [--eh-frame-hdr] ==> ignore
    arg [--hash-style=gnu] ==> ignore
    arg [-export-dynamic] ==> ignore
    arg [-dynamic-linker] ==> ignore
    arg [/lib/ld-linux.so.3] ==> ignore
    arg [-X] ==> ignore
    arg [-m] ==> ignore
    arg [armelf_linux_eabi] ==> ignore
    arg [-o] ==> ignore
    arg [cmTryCompileExec1393160838] ==> ignore
    arg [/opt/poky/1.5+snapshot/sysroots/armv7a-vfp-neon-poky-linux-gnueabi/usr/lib/crt1.o] ==> ignore
    arg [/opt/poky/1.5+snapshot/sysroots/armv7a-vfp-neon-poky-linux-gnueabi/usr/lib/crti.o] ==> ignore
    arg [/opt/poky/1.5+snapshot/sysroots/armv7a-vfp-neon-poky-linux-gnueabi/usr/lib/arm-poky-linux-gnueabi/4.8.2/crtbegin.o] ==> ignore
    arg [-L/opt/poky/1.5+snapshot/sysroots/x86_64-pokysdk-linux/usr/lib/arm-poky-linux-gnueabi/gcc/arm-poky-linux-gnueabi/4.8.2] ==> dir [/opt/poky/1.5+snapshot/sysroots/x86_64-pokysdk-linux/usr/lib/arm-poky-linux-gnueabi/gcc/arm-poky-linux-gnueabi/4.8.2]
    arg [-L/opt/poky/1.5+snapshot/sysroots/armv7a-vfp-neon-poky-linux-gnueabi/lib] ==> dir [/opt/poky/1.5+snapshot/sysroots/armv7a-vfp-neon-poky-linux-gnueabi/lib]
    arg [-L/opt/poky/1.5+snapshot/sysroots/armv7a-vfp-neon-poky-linux-gnueabi/usr/lib/arm-poky-linux-gnueabi/4.8.2] ==> dir [/opt/poky/1.5+snapshot/sysroots/armv7a-vfp-neon-poky-linux-gnueabi/usr/lib/arm-poky-linux-gnueabi/4.8.2]
    arg [-L/opt/poky/1.5+snapshot/sysroots/armv7a-vfp-neon-poky-linux-gnueabi/usr/lib] ==> dir [/opt/poky/1.5+snapshot/sysroots/armv7a-vfp-neon-poky-linux-gnueabi/usr/lib]
    arg [CMakeFiles/cmTryCompileExec1393160838.dir/CMakeCCompilerABI.c.o] ==> ignore
    arg [-lgcc] ==> lib [gcc]
    arg [--as-needed] ==> ignore
    arg [-lgcc_s] ==> lib [gcc_s]
    arg [--no-as-needed] ==> ignore
    arg [-lc] ==> lib [c]
    arg [-lgcc] ==> lib [gcc]
    arg [--as-needed] ==> ignore
    arg [-lgcc_s] ==> lib [gcc_s]
    arg [--no-as-needed] ==> ignore
    arg [/opt/poky/1.5+snapshot/sysroots/armv7a-vfp-neon-poky-linux-gnueabi/usr/lib/arm-poky-linux-gnueabi/4.8.2/crtend.o] ==> ignore
    arg [/opt/poky/1.5+snapshot/sysroots/armv7a-vfp-neon-poky-linux-gnueabi/usr/lib/crtn.o] ==> ignore
  remove lib [gcc]
  remove lib [gcc_s]
  remove lib [gcc]
  remove lib [gcc_s]
  collapse library dir [/opt/poky/1.5+snapshot/sysroots/x86_64-pokysdk-linux/usr/lib/arm-poky-linux-gnueabi/gcc/arm-poky-linux-gnueabi/4.8.2] ==> [/opt/poky/1.5+snapshot/sysroots/x86_64-pokysdk-linux/usr/lib/arm-poky-linux-gnueabi/gcc/arm-poky-linux-gnueabi/4.8.2]
  collapse library dir [/opt/poky/1.5+snapshot/sysroots/armv7a-vfp-neon-poky-linux-gnueabi/lib] ==> [/opt/poky/1.5+snapshot/sysroots/armv7a-vfp-neon-poky-linux-gnueabi/lib]
  collapse library dir [/opt/poky/1.5+snapshot/sysroots/armv7a-vfp-neon-poky-linux-gnueabi/usr/lib/arm-poky-linux-gnueabi/4.8.2] ==> [/opt/poky/1.5+snapshot/sysroots/armv7a-vfp-neon-poky-linux-gnueabi/usr/lib/arm-poky-linux-gnueabi/4.8.2]
  collapse library dir [/opt/poky/1.5+snapshot/sysroots/armv7a-vfp-neon-poky-linux-gnueabi/usr/lib] ==> [/opt/poky/1.5+snapshot/sysroots/armv7a-vfp-neon-poky-linux-gnueabi/usr/lib]
  implicit libs: [c]
  implicit dirs: [/opt/poky/1.5+snapshot/sysroots/x86_64-pokysdk-linux/usr/lib/arm-poky-linux-gnueabi/gcc/arm-poky-linux-gnueabi/4.8.2;/opt/poky/1.5+snapshot/sysroots/armv7a-vfp-neon-poky-linux-gnueabi/lib;/opt/poky/1.5+snapshot/sysroots/armv7a-vfp-neon-poky-linux-gnueabi/usr/lib/arm-poky-linux-gnueabi/4.8.2;/opt/poky/1.5+snapshot/sysroots/armv7a-vfp-neon-poky-linux-gnueabi/usr/lib]
  implicit fwks: []


